<?xml version="1.0" encoding="UTF-8"?>
<!-- Generated by org.testng.reporters.JUnitXMLReporter -->
<testsuite ignored="11" hostname="DESKTOP-HKAACU0" failures="0" tests="1" name="Test" time="21.913" errors="0" timestamp="2020-10-21T10:43:06 PDT">
  <testcase classname="Retail.BBHomePageTest" name="productsHowToShop" time="6.902"/>
  <testcase classname="Retail.BBHomePageTest" name="clickCreditCards" time="0.0">
    <ignored/>
  </testcase> <!-- clickCreditCards -->
  <testcase classname="Retail.BBHomePageTest" name="myCart" time="0.0">
    <ignored/>
  </testcase> <!-- myCart -->
  <testcase classname="Retail.BBHomePageTest" name="createAccount" time="0.0">
    <ignored/>
  </testcase> <!-- createAccount -->
  <testcase classname="Retail.BBHomePageTest" name="closestBestBuyToMe" time="0.0">
    <ignored/>
  </testcase> <!-- closestBestBuyToMe -->
  <testcase classname="Retail.BBHomePageTest" name="validateLinks" time="0.0">
    <ignored/>
  </testcase> <!-- validateLinks -->
  <testcase classname="Retail.BBHomePageTest" name="clickGiftIdeas" time="0.0">
    <ignored/>
  </testcase> <!-- clickGiftIdeas -->
  <testcase classname="Retail.BBHomePageTest" name="clickForYourBusiness" time="0.0">
    <ignored/>
  </testcase> <!-- clickForYourBusiness -->
  <testcase classname="Retail.BBHomePageTest" name="clickTopDeals" time="0.0">
    <ignored/>
  </testcase> <!-- clickTopDeals -->
  <testcase classname="Retail.BBHomePageTest" name="clickGiftCards" time="0.0">
    <ignored/>
  </testcase> <!-- clickGiftCards -->
  <testcase classname="Retail.BBHomePageTest" name="pressHomeIcon" time="0.0">
    <ignored/>
  </testcase> <!-- pressHomeIcon -->
  <testcase classname="Retail.BBHomePageTest" name="clickDealOfTheDay" time="0.0">
    <ignored/>
  </testcase> <!-- clickDealOfTheDay -->
</testsuite> <!-- Test -->
