<?xml version="1.0" encoding="UTF-8"?>
<testng-results ignored="11" total="12" passed="1" failed="0" skipped="0">
  <reporter-output>
  </reporter-output>
  <suite started-at="2020-10-21T10:42:44 PDT" name="Suite" finished-at="2020-10-21T10:43:06 PDT" duration-ms="21913">
    <groups>
    </groups>
    <test started-at="2020-10-21T10:42:44 PDT" name="Test" finished-at="2020-10-21T10:43:06 PDT" duration-ms="21913">
      <class name="Retail.BBHomePageTest">
        <test-method is-config="true" signature="setUp()[pri:0, instance:Retail.BBHomePageTest@4c2cc639]" started-at="2020-10-21T10:42:44 PDT" name="setUp" finished-at="2020-10-21T10:42:58 PDT" duration-ms="14131" status="PASS">
          <reporter-output>
          </reporter-output>
        </test-method> <!-- setUp -->
        <test-method signature="productsHowToShop()[pri:0, instance:Retail.BBHomePageTest@4c2cc639]" started-at="2020-10-21T10:42:58 PDT" name="productsHowToShop" finished-at="2020-10-21T10:43:05 PDT" duration-ms="6902" status="PASS">
          <reporter-output>
          </reporter-output>
        </test-method> <!-- productsHowToShop -->
        <test-method is-config="true" signature="closeDriver()[pri:0, instance:Retail.BBHomePageTest@4c2cc639]" started-at="2020-10-21T10:43:05 PDT" name="closeDriver" finished-at="2020-10-21T10:43:06 PDT" duration-ms="849" status="PASS">
          <reporter-output>
          </reporter-output>
        </test-method> <!-- closeDriver -->
      </class> <!-- Retail.BBHomePageTest -->
    </test> <!-- Test -->
  </suite> <!-- Suite -->
</testng-results>
